<?xml version="1.0" encoding="UTF-8"?>
<!-- Generated by org.testng.reporters.JUnitReportReporter -->
<testsuite hostname="DESKTOP-LNHF1UD" failures="0" tests="1" name="Deepakacademy.tests.CustomerLoginTest" time="0.267" errors="0" timestamp="2023-02-12T15:52:43 IST" skipped="0">
  <testcase classname="Deepakacademy.tests.CustomerLoginTest" name="CustomerLogin" time="0.267"/>
  <system-out/>
</testsuite> <!-- Deepakacademy.tests.CustomerLoginTest -->
