<?xml version="1.0" encoding="UTF-8"?>
<!-- Generated by org.testng.reporters.JUnitReportReporter -->
<testsuite hostname="DESKTOP-LNHF1UD" failures="0" tests="1" name="Deepakacademy.tests.BankManagerLoginTest" time="3.175" errors="0" timestamp="2023-02-12T15:52:43 IST" skipped="0">
  <testcase classname="Deepakacademy.tests.BankManagerLoginTest" name="bankManagerLogin" time="3.175"/>
  <system-out/>
</testsuite> <!-- Deepakacademy.tests.BankManagerLoginTest -->
