<?xml version="1.0" encoding="UTF-8"?>
<!-- Generated by org.testng.reporters.JUnitReportReporter -->
<testsuite hostname="DESKTOP-LNHF1UD" failures="0" tests="1" name="Deepakacademy.tests.BankManagerLoginTest" time="3.025" errors="0" timestamp="2023-02-12T16:34:30 IST" skipped="0">
  <testcase classname="Deepakacademy.tests.BankManagerLoginTest" name="bankManagerLogin" time="3.025"/>
  <system-out/>
</testsuite> <!-- Deepakacademy.tests.BankManagerLoginTest -->
